[run_pipeline] logging to: C:\Users\GuptaGanesh\Desktop\new\fn_graph\fn_graph\examples\solution\logs\machine_learning\ml_run_nomem_001\2026-04-06_17-53-58.log
[config] creating artifact store: fs
[run_pipeline] artifact store: LocalFSArtifactStore
[run_pipeline] executors configured:
  model_type: memory
  do_preprocess: memory
  iris: memory
  data: memory
  preprocess_data: memory
  investigate_data: memory
  split_data: memory
  training_features: memory
  training_target: memory
  test_features: memory
  test_target: memory
  model: memory
  predictions: memory
  classification_metrics: memory
  confusion_matrix: memory
[run_pipeline] leaf outputs: ['investigate_data', 'classification_metrics', 'confusion_matrix']

[PipelineComposer] pipeline run started
[PipelineComposer] subclass of fn_graph Composer confirmed
[PipelineComposer] outputs requested: ['investigate_data', 'classification_metrics', 'confusion_matrix']
[PipelineComposer] execution order: ['model_type', 'do_preprocess', 'iris', 'data', 'preprocess_data', 'investigate_data', 'split_data', 'training_features', 'training_target', 'test_features', 'test_target', 'model', 'predictions', 'classification_metrics', 'confusion_matrix']
[PipelineComposer] parameters: ['model_type', 'do_preprocess']

[PipelineComposer] seeding parameters into artifact store
[LocalFSArtifactStore] writing model_type to artifacts\ml_run_nomem_001\model_type.pkl
[LocalFSArtifactStore] model_type written, size: 18 bytes
[PipelineComposer] seeded: model_type = ols
[LocalFSArtifactStore] writing do_preprocess to artifacts\ml_run_nomem_001\do_preprocess.pkl
[LocalFSArtifactStore] do_preprocess written, size: 4 bytes
[PipelineComposer] seeded: do_preprocess = True
[PipelineComposer] initial ready nodes: ['iris']
[PipelineComposer] iris running in thread 22344
[LocalFSArtifactStore] exists(iris): False
[config] creating executor: memory
[PipelineComposer] dispatching iris to InMemoryExecutor
[InMemoryExecutor] running node: iris directly in process
[InMemoryExecutor] inputs: []
[InMemoryExecutor] node iris complete, output type: Bunch
[LocalFSArtifactStore] writing iris to artifacts\ml_run_nomem_001\iris.pkl
[LocalFSArtifactStore] iris written, size: 9341 bytes
[PipelineComposer] iris complete
[PipelineComposer] iris done, checking unblocked nodes
[PipelineComposer] unblocked: data, dispatching
[PipelineComposer] data running in thread 22344
[LocalFSArtifactStore] exists(data): False
[LocalFSArtifactStore] loading iris from artifacts\ml_run_nomem_001\iris.pkl
[LocalFSArtifactStore] iris loaded, type: Bunch
[config] creating executor: memory
[PipelineComposer] dispatching data to InMemoryExecutor
[InMemoryExecutor] running node: data directly in process
[InMemoryExecutor] inputs: ['iris']
[InMemoryExecutor] node data complete, output type: DataFrame
[LocalFSArtifactStore] writing data to artifacts\ml_run_nomem_001\data.pkl
[LocalFSArtifactStore] data written, size: 6894 bytes
[PipelineComposer] data complete
[PipelineComposer] data done, checking unblocked nodes
[PipelineComposer] unblocked: preprocess_data, dispatching
[PipelineComposer] unblocked: investigate_data, dispatching
[PipelineComposer] preprocess_data running in thread 22344
[LocalFSArtifactStore] exists(preprocess_data): False
[LocalFSArtifactStore] loading data from artifacts\ml_run_nomem_001\data.pkl
[PipelineComposer] investigate_data running in thread 21128
[LocalFSArtifactStore] exists(investigate_data): False
[LocalFSArtifactStore] loading data from artifacts\ml_run_nomem_001\data.pkl
[LocalFSArtifactStore] data loaded, type: DataFrame
[config] creating executor: memory
[PipelineComposer] dispatching investigate_data to InMemoryExecutor
[InMemoryExecutor] running node: investigate_data directly in process
[InMemoryExecutor] inputs: ['data']
[LocalFSArtifactStore] data loaded, type: DataFrame
[LocalFSArtifactStore] loading do_preprocess from artifacts\ml_run_nomem_001\do_preprocess.pkl
[LocalFSArtifactStore] do_preprocess loaded, type: bool
[config] creating executor: memory
[PipelineComposer] dispatching preprocess_data to InMemoryExecutor
[InMemoryExecutor] running node: preprocess_data directly in process
[InMemoryExecutor] inputs: ['data', 'do_preprocess']
[InMemoryExecutor] node preprocess_data complete, output type: DataFrame
[LocalFSArtifactStore] writing preprocess_data to artifacts\ml_run_nomem_001\preprocess_data.pkl
[LocalFSArtifactStore] preprocess_data written, size: 6894 bytes
[PipelineComposer] preprocess_data complete
[PipelineComposer] preprocess_data done, checking unblocked nodes
[PipelineComposer] unblocked: split_data, dispatching
[PipelineComposer] split_data running in thread 22344
[LocalFSArtifactStore] exists(split_data): False
[LocalFSArtifactStore] loading preprocess_data from artifacts\ml_run_nomem_001\preprocess_data.pkl
[LocalFSArtifactStore] preprocess_data loaded, type: DataFrame
[config] creating executor: memory
[PipelineComposer] dispatching split_data to InMemoryExecutor
[InMemoryExecutor] running node: split_data directly in process
[InMemoryExecutor] inputs: ['preprocess_data']
[InMemoryExecutor] node split_data complete, output type: dict
[LocalFSArtifactStore] writing split_data to artifacts\ml_run_nomem_001\split_data.pkl
[LocalFSArtifactStore] split_data written, size: 11248 bytes
[PipelineComposer] split_data complete
[PipelineComposer] split_data done, checking unblocked nodes
[PipelineComposer] unblocked: training_features, dispatching
[PipelineComposer] unblocked: training_target, dispatching
[PipelineComposer] training_features running in thread 22344
[LocalFSArtifactStore] exists(training_features): False
[LocalFSArtifactStore] loading split_data from artifacts\ml_run_nomem_001\split_data.pkl
[LocalFSArtifactStore] split_data loaded, type: dict
[config] creating executor: memory
[PipelineComposer] dispatching training_features to InMemoryExecutor
[InMemoryExecutor] running node: training_features directly in process
[InMemoryExecutor] inputs: ['split_data']
[InMemoryExecutor] node training_features complete, output type: DataFrame
[LocalFSArtifactStore] writing training_features to artifacts\ml_run_nomem_001\training_features.pkl
[LocalFSArtifactStore] training_features written, size: 5323 bytes
[PipelineComposer] training_features complete
[PipelineComposer] training_target running in thread 22344
[LocalFSArtifactStore] exists(training_target): False
[LocalFSArtifactStore] loading split_data from artifacts\ml_run_nomem_001\split_data.pkl
[LocalFSArtifactStore] split_data loaded, type: dict
[config] creating executor: memory
[PipelineComposer] dispatching training_target to InMemoryExecutor
[InMemoryExecutor] running node: training_target directly in process
[InMemoryExecutor] inputs: ['split_data']
[InMemoryExecutor] node training_target complete, output type: Series
[LocalFSArtifactStore] writing training_target to artifacts\ml_run_nomem_001\training_target.pkl
[LocalFSArtifactStore] training_target written, size: 3328 bytes
[PipelineComposer] training_target complete
[PipelineComposer] unblocked: test_features, dispatching
[PipelineComposer] unblocked: test_target, dispatching
[PipelineComposer] training_features done, checking unblocked nodes
[PipelineComposer] training_target done, checking unblocked nodes
[PipelineComposer] unblocked: model, dispatching
[PipelineComposer] test_features running in thread 22344
[LocalFSArtifactStore] exists(test_features): False
[LocalFSArtifactStore] loading split_data from artifacts\ml_run_nomem_001\split_data.pkl
[PipelineComposer] test_target running in thread 25832
[PipelineComposer] model running in thread 34144
[LocalFSArtifactStore] exists(test_target): False
[LocalFSArtifactStore] exists(model): False
[LocalFSArtifactStore] loading split_data from artifacts\ml_run_nomem_001\split_data.pkl
[LocalFSArtifactStore] loading training_features from artifacts\ml_run_nomem_001\training_features.pkl
[LocalFSArtifactStore] split_data loaded, type: dict
[config] creating executor: memory
[PipelineComposer] dispatching test_features to InMemoryExecutor
[InMemoryExecutor] running node: test_features directly in process
[InMemoryExecutor] inputs: ['split_data']
[LocalFSArtifactStore] split_data loaded, type: dict
[InMemoryExecutor] node test_features complete, output type: DataFrame
[config] creating executor: memory
[LocalFSArtifactStore] writing test_features to artifacts\ml_run_nomem_001\test_features.pkl
[PipelineComposer] dispatching test_target to InMemoryExecutor
[InMemoryExecutor] running node: test_target directly in process
[InMemoryExecutor] inputs: ['split_data']
[InMemoryExecutor] node test_target complete, output type: Series
[LocalFSArtifactStore] writing test_target to artifacts\ml_run_nomem_001\test_target.pkl
[LocalFSArtifactStore] test_features written, size: 2363 bytes
[PipelineComposer] test_features complete
[PipelineComposer] test_features done, checking unblocked nodes
[LocalFSArtifactStore] test_target written, size: 1552 bytes
[PipelineComposer] test_target complete
[PipelineComposer] test_target done, checking unblocked nodes
[LocalFSArtifactStore] training_features loaded, type: DataFrame
[LocalFSArtifactStore] loading training_target from artifacts\ml_run_nomem_001\training_target.pkl
[LocalFSArtifactStore] training_target loaded, type: Series
[LocalFSArtifactStore] loading model_type from artifacts\ml_run_nomem_001\model_type.pkl
[LocalFSArtifactStore] model_type loaded, type: str
[config] creating executor: memory
[PipelineComposer] dispatching model to InMemoryExecutor
[InMemoryExecutor] running node: model directly in process
[InMemoryExecutor] inputs: ['training_features', 'training_target', 'model_type']
[InMemoryExecutor] node model complete, output type: LogisticRegression
[LocalFSArtifactStore] writing model to artifacts\ml_run_nomem_001\model.pkl
[LocalFSArtifactStore] model written, size: 955 bytes
[PipelineComposer] model complete
[PipelineComposer] model done, checking unblocked nodes
[PipelineComposer] unblocked: predictions, dispatching
[PipelineComposer] predictions running in thread 22344
[LocalFSArtifactStore] exists(predictions): False
[LocalFSArtifactStore] loading model from artifacts\ml_run_nomem_001\model.pkl
[LocalFSArtifactStore] model loaded, type: LogisticRegression
[LocalFSArtifactStore] loading test_features from artifacts\ml_run_nomem_001\test_features.pkl
[LocalFSArtifactStore] test_features loaded, type: DataFrame
[config] creating executor: memory
[PipelineComposer] dispatching predictions to InMemoryExecutor
[InMemoryExecutor] running node: predictions directly in process
[InMemoryExecutor] inputs: ['model', 'test_features']
[InMemoryExecutor] node predictions complete, output type: ndarray
[LocalFSArtifactStore] writing predictions to artifacts\ml_run_nomem_001\predictions.pkl
[LocalFSArtifactStore] predictions written, size: 455 bytes
[PipelineComposer] predictions complete
[PipelineComposer] predictions done, checking unblocked nodes
[PipelineComposer] unblocked: classification_metrics, dispatching
[PipelineComposer] unblocked: confusion_matrix, dispatching
[PipelineComposer] classification_metrics running in thread 34144
[LocalFSArtifactStore] exists(classification_metrics): False
[LocalFSArtifactStore] loading predictions from artifacts\ml_run_nomem_001\predictions.pkl
[PipelineComposer] confusion_matrix running in thread 25832
[LocalFSArtifactStore] exists(confusion_matrix): False
[LocalFSArtifactStore] loading predictions from artifacts\ml_run_nomem_001\predictions.pkl
[LocalFSArtifactStore] predictions loaded, type: ndarray
[LocalFSArtifactStore] loading test_target from artifacts\ml_run_nomem_001\test_target.pkl
[LocalFSArtifactStore] predictions loaded, type: ndarray
[LocalFSArtifactStore] loading test_target from artifacts\ml_run_nomem_001\test_target.pkl
[LocalFSArtifactStore] test_target loaded, type: Series
[config] creating executor: memory
[PipelineComposer] dispatching classification_metrics to InMemoryExecutor
[InMemoryExecutor] running node: classification_metrics directly in process
[InMemoryExecutor] inputs: ['predictions', 'test_target']
[LocalFSArtifactStore] test_target loaded, type: Series
[config] creating executor: memory
[PipelineComposer] dispatching confusion_matrix to InMemoryExecutor
[InMemoryExecutor] running node: confusion_matrix directly in process
[InMemoryExecutor] inputs: ['predictions', 'test_target']
[InMemoryExecutor] node classification_metrics complete, output type: str
[LocalFSArtifactStore] writing classification_metrics to artifacts\ml_run_nomem_001\classification_metrics.pkl
[LocalFSArtifactStore] classification_metrics written, size: 398 bytes
[PipelineComposer] classification_metrics complete
[InMemoryExecutor] node investigate_data complete, output type: PairGrid
[LocalFSArtifactStore] writing investigate_data to artifacts\ml_run_nomem_001\investigate_data.pkl
[LocalFSArtifactStore] investigate_data written, size: 1899462 bytes
[PipelineComposer] investigate_data complete
