[run_pipeline] logging to: C:\Users\GuptaGanesh\Desktop\new\fn_graph\fn_graph\examples\solution\logs\machine_learning\ml_run_nomem_001\2026-04-06_17-54-59.log
[config] creating artifact store: fs
[run_pipeline] artifact store: LocalFSArtifactStore
[run_pipeline] executors configured:
  model_type: memory
  do_preprocess: memory
  iris: memory
  data: memory
  preprocess_data: memory
  investigate_data: memory
  split_data: memory
  training_features: memory
  training_target: memory
  test_features: memory
  test_target: memory
  model: memory
  predictions: memory
  classification_metrics: memory
  confusion_matrix: memory
[run_pipeline] leaf outputs: ['investigate_data', 'classification_metrics', 'confusion_matrix']

[PipelineComposer] pipeline run started
[PipelineComposer] subclass of fn_graph Composer confirmed
[PipelineComposer] outputs requested: ['investigate_data', 'classification_metrics', 'confusion_matrix']
[PipelineComposer] execution order: ['model_type', 'do_preprocess', 'iris', 'data', 'preprocess_data', 'investigate_data', 'split_data', 'training_features', 'training_target', 'test_features', 'test_target', 'model', 'predictions', 'classification_metrics', 'confusion_matrix']
[PipelineComposer] parameters: ['model_type', 'do_preprocess']

[PipelineComposer] seeding parameters into artifact store
[LocalFSArtifactStore] writing model_type to artifacts\ml_run_nomem_001\model_type.pkl
[LocalFSArtifactStore] model_type written, size: 18 bytes
[PipelineComposer] seeded: model_type = ols
[LocalFSArtifactStore] writing do_preprocess to artifacts\ml_run_nomem_001\do_preprocess.pkl
[LocalFSArtifactStore] do_preprocess written, size: 4 bytes
[PipelineComposer] seeded: do_preprocess = True
[PipelineComposer] initial ready nodes: ['iris']
[PipelineComposer] iris running in thread 25232
[LocalFSArtifactStore] exists(iris): True
[PipelineComposer] output exists, skipping: iris
[LocalFSArtifactStore] loading iris from artifacts\ml_run_nomem_001\iris.pkl
[LocalFSArtifactStore] iris loaded, type: Bunch
[PipelineComposer] iris done, checking unblocked nodes
[PipelineComposer] unblocked: data, dispatching
[PipelineComposer] data running in thread 25232
[LocalFSArtifactStore] exists(data): True
[PipelineComposer] output exists, skipping: data
[LocalFSArtifactStore] loading data from artifacts\ml_run_nomem_001\data.pkl
[LocalFSArtifactStore] data loaded, type: DataFrame
[PipelineComposer] data done, checking unblocked nodes
[PipelineComposer] unblocked: preprocess_data, dispatching
[PipelineComposer] unblocked: investigate_data, dispatching
[PipelineComposer] preprocess_data running in thread 25232
[LocalFSArtifactStore] exists(preprocess_data): True
[PipelineComposer] output exists, skipping: preprocess_data
[LocalFSArtifactStore] loading preprocess_data from artifacts\ml_run_nomem_001\preprocess_data.pkl
[LocalFSArtifactStore] preprocess_data loaded, type: DataFrame
[PipelineComposer] investigate_data running in thread 25232
[LocalFSArtifactStore] exists(investigate_data): True
[PipelineComposer] preprocess_data done, checking unblocked nodes
[PipelineComposer] output exists, skipping: investigate_data
[PipelineComposer] unblocked: split_data, dispatching
[LocalFSArtifactStore] loading investigate_data from artifacts\ml_run_nomem_001\investigate_data.pkl
[PipelineComposer] split_data running in thread 34740
[LocalFSArtifactStore] exists(split_data): True
[PipelineComposer] output exists, skipping: split_data
[LocalFSArtifactStore] loading split_data from artifacts\ml_run_nomem_001\split_data.pkl
[LocalFSArtifactStore] split_data loaded, type: dict
[PipelineComposer] split_data done, checking unblocked nodes
[PipelineComposer] unblocked: training_features, dispatching
[PipelineComposer] unblocked: training_target, dispatching
[PipelineComposer] training_features running in thread 34740
[PipelineComposer] training_target running in thread 6964
[PipelineComposer] unblocked: test_features, dispatching
[LocalFSArtifactStore] exists(training_features): True
[LocalFSArtifactStore] exists(training_target): True
[PipelineComposer] test_features running in thread 27932
[PipelineComposer] output exists, skipping: training_features
[PipelineComposer] unblocked: test_target, dispatching
[PipelineComposer] output exists, skipping: training_target
[LocalFSArtifactStore] loading training_features from artifacts\ml_run_nomem_001\training_features.pkl
[LocalFSArtifactStore] exists(test_features): True
[PipelineComposer] output exists, skipping: test_features
[PipelineComposer] test_target running in thread 21524
[LocalFSArtifactStore] loading test_features from artifacts\ml_run_nomem_001\test_features.pkl
[LocalFSArtifactStore] training_features loaded, type: DataFrame
[LocalFSArtifactStore] loading training_target from artifacts\ml_run_nomem_001\training_target.pkl
[LocalFSArtifactStore] investigate_data loaded, type: PairGrid
[LocalFSArtifactStore] exists(test_target): True
[PipelineComposer] training_features done, checking unblocked nodes
[PipelineComposer] output exists, skipping: test_target
[PipelineComposer] investigate_data done, checking unblocked nodes
[LocalFSArtifactStore] loading test_target from artifacts\ml_run_nomem_001\test_target.pkl
[LocalFSArtifactStore] test_features loaded, type: DataFrame
[PipelineComposer] test_features done, checking unblocked nodes
[LocalFSArtifactStore] training_target loaded, type: Series
[PipelineComposer] training_target done, checking unblocked nodes
[PipelineComposer] unblocked: model, dispatching
[LocalFSArtifactStore] test_target loaded, type: Series
[PipelineComposer] model running in thread 21524
[PipelineComposer] test_target done, checking unblocked nodes
[LocalFSArtifactStore] exists(model): True
[PipelineComposer] output exists, skipping: model
[LocalFSArtifactStore] loading model from artifacts\ml_run_nomem_001\model.pkl
[LocalFSArtifactStore] model loaded, type: LogisticRegression
[PipelineComposer] model done, checking unblocked nodes
[PipelineComposer] unblocked: predictions, dispatching
[PipelineComposer] predictions running in thread 25232
[LocalFSArtifactStore] exists(predictions): True
[PipelineComposer] output exists, skipping: predictions
[LocalFSArtifactStore] loading predictions from artifacts\ml_run_nomem_001\predictions.pkl
[LocalFSArtifactStore] predictions loaded, type: ndarray
[PipelineComposer] predictions done, checking unblocked nodes
[PipelineComposer] unblocked: classification_metrics, dispatching
[PipelineComposer] unblocked: confusion_matrix, dispatching
[PipelineComposer] classification_metrics running in thread 6964
[LocalFSArtifactStore] exists(classification_metrics): True
[PipelineComposer] output exists, skipping: classification_metrics
[LocalFSArtifactStore] loading classification_metrics from artifacts\ml_run_nomem_001\classification_metrics.pkl
[LocalFSArtifactStore] classification_metrics loaded, type: str
[PipelineComposer] confusion_matrix running in thread 6964
[PipelineComposer] classification_metrics done, checking unblocked nodes
[LocalFSArtifactStore] exists(confusion_matrix): True
[PipelineComposer] output exists, skipping: confusion_matrix
[LocalFSArtifactStore] loading confusion_matrix from artifacts\ml_run_nomem_001\confusion_matrix.pkl
[LocalFSArtifactStore] confusion_matrix loaded, type: Figure
[PipelineComposer] confusion_matrix done, checking unblocked nodes

[PipelineComposer] pipeline complete
[LocalFSArtifactStore] exists(model_type): True
[LocalFSArtifactStore] loading model_type from artifacts\ml_run_nomem_001\model_type.pkl
[LocalFSArtifactStore] model_type loaded, type: str
[LocalFSArtifactStore] exists(do_preprocess): True
[LocalFSArtifactStore] loading do_preprocess from artifacts\ml_run_nomem_001\do_preprocess.pkl
[LocalFSArtifactStore] do_preprocess loaded, type: bool
[LocalFSArtifactStore] exists(iris): True
[LocalFSArtifactStore] loading iris from artifacts\ml_run_nomem_001\iris.pkl
[LocalFSArtifactStore] iris loaded, type: Bunch
[LocalFSArtifactStore] exists(data): True
[LocalFSArtifactStore] loading data from artifacts\ml_run_nomem_001\data.pkl
[LocalFSArtifactStore] data loaded, type: DataFrame
[LocalFSArtifactStore] exists(preprocess_data): True
[LocalFSArtifactStore] loading preprocess_data from artifacts\ml_run_nomem_001\preprocess_data.pkl
[LocalFSArtifactStore] preprocess_data loaded, type: DataFrame
[LocalFSArtifactStore] exists(investigate_data): True
[LocalFSArtifactStore] loading investigate_data from artifacts\ml_run_nomem_001\investigate_data.pkl
[LocalFSArtifactStore] investigate_data loaded, type: PairGrid
[LocalFSArtifactStore] exists(split_data): True
[LocalFSArtifactStore] loading split_data from artifacts\ml_run_nomem_001\split_data.pkl
[LocalFSArtifactStore] split_data loaded, type: dict
[LocalFSArtifactStore] exists(training_features): True
[LocalFSArtifactStore] loading training_features from artifacts\ml_run_nomem_001\training_features.pkl
[LocalFSArtifactStore] training_features loaded, type: DataFrame
[LocalFSArtifactStore] exists(training_target): True
[LocalFSArtifactStore] loading training_target from artifacts\ml_run_nomem_001\training_target.pkl
[LocalFSArtifactStore] training_target loaded, type: Series
[LocalFSArtifactStore] exists(test_features): True
[LocalFSArtifactStore] loading test_features from artifacts\ml_run_nomem_001\test_features.pkl
[LocalFSArtifactStore] test_features loaded, type: DataFrame
[LocalFSArtifactStore] exists(test_target): True
[LocalFSArtifactStore] loading test_target from artifacts\ml_run_nomem_001\test_target.pkl
[LocalFSArtifactStore] test_target loaded, type: Series
[LocalFSArtifactStore] exists(model): True
[LocalFSArtifactStore] loading model from artifacts\ml_run_nomem_001\model.pkl
[LocalFSArtifactStore] model loaded, type: LogisticRegression
[LocalFSArtifactStore] exists(predictions): True
[LocalFSArtifactStore] loading predictions from artifacts\ml_run_nomem_001\predictions.pkl
[LocalFSArtifactStore] predictions loaded, type: ndarray
[LocalFSArtifactStore] exists(classification_metrics): True
[LocalFSArtifactStore] loading classification_metrics from artifacts\ml_run_nomem_001\classification_metrics.pkl
[LocalFSArtifactStore] classification_metrics loaded, type: str
[LocalFSArtifactStore] exists(confusion_matrix): True
[LocalFSArtifactStore] loading confusion_matrix from artifacts\ml_run_nomem_001\confusion_matrix.pkl
[LocalFSArtifactStore] confusion_matrix loaded, type: Figure

============================================================
=== Pipeline Results ===

[model_type]
ols
[do_preprocess] True
[iris] Bunch
[data] DataFrame
[preprocess_data] DataFrame
[investigate_data] PairGrid
[split_data] dict
[training_features] DataFrame
[training_target] Series
[test_features] DataFrame
[test_target] Series
[model] LogisticRegression
[predictions] ndarray

[classification_metrics]
              precision    recall  f1-score   support

           0       1.00      1.00      1.00        14
           1       1.00      0.86      0.92        14
           2       0.83      1.00      0.91        10

    accuracy                           0.95        38
   macro avg       0.94      0.95      0.94        38
weighted avg       0.96      0.95      0.95        38

[confusion_matrix] figure saved to confusion_matrix.png

[run_pipeline] log saved to: C:\Users\GuptaGanesh\Desktop\new\fn_graph\fn_graph\examples\solution\logs\machine_learning\ml_run_nomem_001\2026-04-06_17-54-59.log
