[run_pipeline] logging to: C:\Users\GuptaGanesh\Desktop\new\fn_graph\fn_graph\examples\solution\logs\machine_learning\ml_run_001\2026-04-10_02-22-05.log
[config] creating artifact store: fs
[run_pipeline] artifact store: LocalFSArtifactStore
[run_pipeline] executors configured:
  model_type: memory
  do_preprocess: memory
  iris: memory
  data: memory
  preprocess_data: memory
  investigate_data: memory
  split_data: memory
  training_features: memory
  training_target: memory
  test_features: memory
  test_target: memory
  model: docker
  predictions: memory
  classification_metrics: memory
  confusion_matrix: memory
[run_pipeline] leaf outputs: ['investigate_data', 'classification_metrics', 'confusion_matrix']

[PipelineComposer] pipeline run started
[PipelineComposer] subclass of fn_graph Composer confirmed
[PipelineComposer] outputs requested: ['investigate_data', 'classification_metrics', 'confusion_matrix']
[PipelineComposer] execution order: ['model_type', 'do_preprocess', 'iris', 'data', 'preprocess_data', 'investigate_data', 'split_data', 'training_features', 'training_target', 'test_features', 'test_target', 'model', 'predictions', 'classification_metrics', 'confusion_matrix']
[PipelineComposer] parameters: ['model_type', 'do_preprocess']

[PipelineComposer] seeding parameters into artifact store
[LocalFSArtifactStore] writing model_type to artifacts\ml_run_001\model_type.pkl
[LocalFSArtifactStore] model_type written, size: 18 bytes
[PipelineComposer] seeded: model_type = ols
[LocalFSArtifactStore] writing do_preprocess to artifacts\ml_run_001\do_preprocess.pkl
[LocalFSArtifactStore] do_preprocess written, size: 4 bytes
[PipelineComposer] seeded: do_preprocess = True
[config] stages defined: ['preprocessing', 'splitting', 'training', 'evaluation']
[config]   stage 'preprocessing': executor=memory, nodes=['iris', 'data', 'preprocess_data', 'investigate_data']
[config]   stage 'splitting': executor=memory, nodes=['split_data', 'training_features', 'training_target', 'test_features', 'test_target']
[config]   stage 'training': executor=docker, nodes=['model']
[config]   stage 'evaluation': executor=memory, nodes=['predictions', 'classification_metrics', 'confusion_matrix']

[PipelineComposer] === Stage Boundary Analysis ===
[PipelineComposer] stage 'preprocessing':
  inputs   (load from store): []
  outputs  (save to store):   ['preprocess_data']
  internal (memory only):     ['data', 'investigate_data', 'iris']
[PipelineComposer] stage 'splitting':
  inputs   (load from store): ['preprocess_data']
  outputs  (save to store):   ['test_features', 'test_target', 'training_features', 'training_target']
  internal (memory only):     ['split_data']
[PipelineComposer] stage 'training':
  inputs   (load from store): ['training_features', 'training_target']
  outputs  (save to store):   ['model']
  internal (memory only):     []
[PipelineComposer] stage 'evaluation':
  inputs   (load from store): ['model', 'test_features', 'test_target']
  outputs  (save to store):   []
  internal (memory only):     ['classification_metrics', 'confusion_matrix', 'predictions']

[PipelineComposer] stage-level DAG edges: [('preprocessing', 'splitting'), ('splitting', 'training'), ('splitting', 'evaluation'), ('training', 'evaluation')]
[PipelineComposer] stage execution order (serial fallback): ['preprocessing', 'splitting', 'training', 'evaluation']

[PipelineComposer] initial ready stages: ['preprocessing']

[PipelineComposer] === dispatching stage: 'preprocessing' ===
[PipelineComposer] dispatching 1 stage(s) in parallel: ['preprocessing']
[LocalFSArtifactStore] exists(preprocess_data): False
[LocalFSArtifactStore] loading do_preprocess from artifacts\ml_run_001\do_preprocess.pkl
[LocalFSArtifactStore] do_preprocess loaded, type: bool
[config] creating executor: memory
[StageExecutor:preprocessing] running 4 nodes: ['iris', 'data', 'preprocess_data', 'investigate_data']
[LocalFSArtifactStore] exists(iris): False
[StageExecutor:preprocessing] running 'iris' via InMemoryExecutor
[InMemoryExecutor] running node: iris directly in process
[InMemoryExecutor] inputs: []
[InMemoryExecutor] node iris complete, output type: Bunch
[StageExecutor:preprocessing] 'iris' stays in memory (internal)
[LocalFSArtifactStore] exists(data): False
[StageExecutor:preprocessing] running 'data' via InMemoryExecutor
[InMemoryExecutor] running node: data directly in process
[InMemoryExecutor] inputs: ['iris']
[InMemoryExecutor] node data complete, output type: DataFrame
[StageExecutor:preprocessing] 'data' stays in memory (internal)
[LocalFSArtifactStore] exists(preprocess_data): False
[StageExecutor:preprocessing] running 'preprocess_data' via InMemoryExecutor
[InMemoryExecutor] running node: preprocess_data directly in process
[InMemoryExecutor] inputs: ['data', 'do_preprocess']
[InMemoryExecutor] node preprocess_data complete, output type: DataFrame
[StageExecutor:preprocessing] persisting boundary node 'preprocess_data' to store
[LocalFSArtifactStore] writing preprocess_data to artifacts\ml_run_001\preprocess_data.pkl
[LocalFSArtifactStore] preprocess_data written, size: 6894 bytes
[LocalFSArtifactStore] exists(investigate_data): False
[StageExecutor:preprocessing] running 'investigate_data' via InMemoryExecutor
[InMemoryExecutor] running node: investigate_data directly in process
[InMemoryExecutor] inputs: ['data']
[InMemoryExecutor] node investigate_data complete, output type: PairGrid
[StageExecutor:preprocessing] 'investigate_data' stays in memory (internal)
[LocalFSArtifactStore] exists(iris): False
[StageExecutor:preprocessing] persisting terminal/internal 'iris' for results
[LocalFSArtifactStore] writing iris to artifacts\ml_run_001\iris.pkl
[LocalFSArtifactStore] iris written, size: 9341 bytes
[LocalFSArtifactStore] exists(data): False
[StageExecutor:preprocessing] persisting terminal/internal 'data' for results
[LocalFSArtifactStore] writing data to artifacts\ml_run_001\data.pkl
[LocalFSArtifactStore] data written, size: 6894 bytes
[LocalFSArtifactStore] exists(investigate_data): False
[StageExecutor:preprocessing] persisting terminal/internal 'investigate_data' for results
[LocalFSArtifactStore] writing investigate_data to artifacts\ml_run_001\investigate_data.pkl
[LocalFSArtifactStore] investigate_data written, size: 1899358 bytes
[StageExecutor:preprocessing] stage complete, boundary outputs: ['preprocess_data']
[PipelineComposer] stage 'preprocessing' complete
[PipelineComposer] stage 'preprocessing' finished, checking downstream stages
[PipelineComposer] stage 'splitting' unblocked — dispatching

[PipelineComposer] === dispatching stage: 'splitting' ===
[LocalFSArtifactStore] exists(training_features): False
[LocalFSArtifactStore] loading preprocess_data from artifacts\ml_run_001\preprocess_data.pkl
[LocalFSArtifactStore] preprocess_data loaded, type: DataFrame
[PipelineComposer]   loaded input 'preprocess_data' from store
[config] creating executor: memory
[StageExecutor:splitting] running 5 nodes: ['split_data', 'training_features', 'training_target', 'test_features', 'test_target']
[LocalFSArtifactStore] exists(split_data): False
[StageExecutor:splitting] running 'split_data' via InMemoryExecutor
[InMemoryExecutor] running node: split_data directly in process
[InMemoryExecutor] inputs: ['preprocess_data']
[InMemoryExecutor] node split_data complete, output type: dict
[StageExecutor:splitting] 'split_data' stays in memory (internal)
[LocalFSArtifactStore] exists(training_features): False
[StageExecutor:splitting] running 'training_features' via InMemoryExecutor
[InMemoryExecutor] running node: training_features directly in process
[InMemoryExecutor] inputs: ['split_data']
[InMemoryExecutor] node training_features complete, output type: DataFrame
[StageExecutor:splitting] persisting boundary node 'training_features' to store
[LocalFSArtifactStore] writing training_features to artifacts\ml_run_001\training_features.pkl
[LocalFSArtifactStore] training_features written, size: 5323 bytes
[LocalFSArtifactStore] exists(training_target): False
[StageExecutor:splitting] running 'training_target' via InMemoryExecutor
[InMemoryExecutor] running node: training_target directly in process
[InMemoryExecutor] inputs: ['split_data']
[InMemoryExecutor] node training_target complete, output type: Series
[StageExecutor:splitting] persisting boundary node 'training_target' to store
[LocalFSArtifactStore] writing training_target to artifacts\ml_run_001\training_target.pkl
[LocalFSArtifactStore] training_target written, size: 3328 bytes
[LocalFSArtifactStore] exists(test_features): False
[StageExecutor:splitting] running 'test_features' via InMemoryExecutor
[InMemoryExecutor] running node: test_features directly in process
[InMemoryExecutor] inputs: ['split_data']
[InMemoryExecutor] node test_features complete, output type: DataFrame
[StageExecutor:splitting] persisting boundary node 'test_features' to store
[LocalFSArtifactStore] writing test_features to artifacts\ml_run_001\test_features.pkl
[LocalFSArtifactStore] test_features written, size: 2363 bytes
[LocalFSArtifactStore] exists(test_target): False
[StageExecutor:splitting] running 'test_target' via InMemoryExecutor
[InMemoryExecutor] running node: test_target directly in process
[InMemoryExecutor] inputs: ['split_data']
[InMemoryExecutor] node test_target complete, output type: Series
[StageExecutor:splitting] persisting boundary node 'test_target' to store
[LocalFSArtifactStore] writing test_target to artifacts\ml_run_001\test_target.pkl
[LocalFSArtifactStore] test_target written, size: 1552 bytes
[LocalFSArtifactStore] exists(split_data): False
[StageExecutor:splitting] persisting terminal/internal 'split_data' for results
[LocalFSArtifactStore] writing split_data to artifacts\ml_run_001\split_data.pkl
[LocalFSArtifactStore] split_data written, size: 11248 bytes
[StageExecutor:splitting] stage complete, boundary outputs: ['training_features', 'training_target', 'test_features', 'test_target']
[PipelineComposer] stage 'splitting' complete
[PipelineComposer] stage 'splitting' finished, checking downstream stages
[PipelineComposer] stage 'training' unblocked — dispatching

[PipelineComposer] === dispatching stage: 'training' ===
[LocalFSArtifactStore] exists(model): False
[LocalFSArtifactStore] loading training_features from artifacts\ml_run_001\training_features.pkl
[LocalFSArtifactStore] training_features loaded, type: DataFrame
[PipelineComposer]   loaded input 'training_features' from store
[LocalFSArtifactStore] loading training_target from artifacts\ml_run_001\training_target.pkl
[LocalFSArtifactStore] training_target loaded, type: Series
[PipelineComposer]   loaded input 'training_target' from store
[LocalFSArtifactStore] loading model_type from artifacts\ml_run_001\model_type.pkl
[LocalFSArtifactStore] model_type loaded, type: str
[config] creating executor: docker
[StageExecutor:training] running 1 nodes: ['model']
[LocalFSArtifactStore] exists(model): False
[StageExecutor:training] running 'model' via DockerExecutor
[DockerExecutor] starting container for node: model
[DockerExecutor] image: fn_graph_worker_v2
[DockerExecutor] assigned port: 49806
[DockerExecutor] container id: 486412388b01bf7a4b96caba281008f334e3fdfc26a1529d8a81e7372f993a81
[DockerExecutor] container healthy, sending work
[DockerExecutor] posting to /execute, inputs: ['training_features', 'training_target', 'model_type']
[DockerExecutor] response received, status: 200
[DockerExecutor] node model complete, output type: LogisticRegression
[DockerExecutor] container stopped and removed
[StageExecutor:training] persisting boundary node 'model' to store
[LocalFSArtifactStore] writing model to artifacts\ml_run_001\model.pkl
[LocalFSArtifactStore] model written, size: 955 bytes
[StageExecutor:training] stage complete, boundary outputs: ['model']
[PipelineComposer] stage 'training' complete
[PipelineComposer] stage 'training' finished, checking downstream stages
[PipelineComposer] stage 'evaluation' unblocked — dispatching

[PipelineComposer] === dispatching stage: 'evaluation' ===
[LocalFSArtifactStore] exists(predictions): False
[LocalFSArtifactStore] loading model from artifacts\ml_run_001\model.pkl
[LocalFSArtifactStore] model loaded, type: LogisticRegression
[PipelineComposer]   loaded input 'model' from store
[LocalFSArtifactStore] loading test_features from artifacts\ml_run_001\test_features.pkl
[LocalFSArtifactStore] test_features loaded, type: DataFrame
[PipelineComposer]   loaded input 'test_features' from store
[LocalFSArtifactStore] loading test_target from artifacts\ml_run_001\test_target.pkl
[LocalFSArtifactStore] test_target loaded, type: Series
[PipelineComposer]   loaded input 'test_target' from store
[config] creating executor: memory
[StageExecutor:evaluation] running 3 nodes: ['predictions', 'classification_metrics', 'confusion_matrix']
[LocalFSArtifactStore] exists(predictions): False
[StageExecutor:evaluation] running 'predictions' via InMemoryExecutor
[InMemoryExecutor] running node: predictions directly in process
[InMemoryExecutor] inputs: ['model', 'test_features']
[InMemoryExecutor] node predictions complete, output type: ndarray
[StageExecutor:evaluation] 'predictions' stays in memory (internal)
[LocalFSArtifactStore] exists(classification_metrics): False
[StageExecutor:evaluation] running 'classification_metrics' via InMemoryExecutor
[InMemoryExecutor] running node: classification_metrics directly in process
[InMemoryExecutor] inputs: ['predictions', 'test_target']
[InMemoryExecutor] node classification_metrics complete, output type: str
[StageExecutor:evaluation] 'classification_metrics' stays in memory (internal)
[LocalFSArtifactStore] exists(confusion_matrix): False
[StageExecutor:evaluation] running 'confusion_matrix' via InMemoryExecutor
[InMemoryExecutor] running node: confusion_matrix directly in process
[InMemoryExecutor] inputs: ['predictions', 'test_target']
[InMemoryExecutor] node confusion_matrix complete, output type: Figure
[StageExecutor:evaluation] 'confusion_matrix' stays in memory (internal)
[LocalFSArtifactStore] exists(predictions): False
[StageExecutor:evaluation] persisting terminal/internal 'predictions' for results
[LocalFSArtifactStore] writing predictions to artifacts\ml_run_001\predictions.pkl
[LocalFSArtifactStore] predictions written, size: 455 bytes
[LocalFSArtifactStore] exists(classification_metrics): False
[StageExecutor:evaluation] persisting terminal/internal 'classification_metrics' for results
[LocalFSArtifactStore] writing classification_metrics to artifacts\ml_run_001\classification_metrics.pkl
[LocalFSArtifactStore] classification_metrics written, size: 398 bytes
[LocalFSArtifactStore] exists(confusion_matrix): False
[StageExecutor:evaluation] persisting terminal/internal 'confusion_matrix' for results
[LocalFSArtifactStore] writing confusion_matrix to artifacts\ml_run_001\confusion_matrix.pkl
[LocalFSArtifactStore] confusion_matrix written, size: 1889565 bytes
[StageExecutor:evaluation] stage complete, boundary outputs: []
[PipelineComposer] stage 'evaluation' complete
[PipelineComposer] stage 'evaluation' finished, checking downstream stages

[PipelineComposer] all stages complete
[LocalFSArtifactStore] exists(model_type): True
[LocalFSArtifactStore] loading model_type from artifacts\ml_run_001\model_type.pkl
[LocalFSArtifactStore] model_type loaded, type: str
[LocalFSArtifactStore] exists(do_preprocess): True
[LocalFSArtifactStore] loading do_preprocess from artifacts\ml_run_001\do_preprocess.pkl
[LocalFSArtifactStore] do_preprocess loaded, type: bool
[LocalFSArtifactStore] exists(iris): True
[LocalFSArtifactStore] loading iris from artifacts\ml_run_001\iris.pkl
[LocalFSArtifactStore] iris loaded, type: Bunch
[LocalFSArtifactStore] exists(data): True
[LocalFSArtifactStore] loading data from artifacts\ml_run_001\data.pkl
[LocalFSArtifactStore] data loaded, type: DataFrame
[LocalFSArtifactStore] exists(preprocess_data): True
[LocalFSArtifactStore] loading preprocess_data from artifacts\ml_run_001\preprocess_data.pkl
[LocalFSArtifactStore] preprocess_data loaded, type: DataFrame
[LocalFSArtifactStore] exists(investigate_data): True
[LocalFSArtifactStore] loading investigate_data from artifacts\ml_run_001\investigate_data.pkl
[LocalFSArtifactStore] investigate_data loaded, type: PairGrid
[LocalFSArtifactStore] exists(split_data): True
[LocalFSArtifactStore] loading split_data from artifacts\ml_run_001\split_data.pkl
[LocalFSArtifactStore] split_data loaded, type: dict
[LocalFSArtifactStore] exists(training_features): True
[LocalFSArtifactStore] loading training_features from artifacts\ml_run_001\training_features.pkl
[LocalFSArtifactStore] training_features loaded, type: DataFrame
[LocalFSArtifactStore] exists(training_target): True
[LocalFSArtifactStore] loading training_target from artifacts\ml_run_001\training_target.pkl
[LocalFSArtifactStore] training_target loaded, type: Series
[LocalFSArtifactStore] exists(test_features): True
[LocalFSArtifactStore] loading test_features from artifacts\ml_run_001\test_features.pkl
[LocalFSArtifactStore] test_features loaded, type: DataFrame
[LocalFSArtifactStore] exists(test_target): True
[LocalFSArtifactStore] loading test_target from artifacts\ml_run_001\test_target.pkl
[LocalFSArtifactStore] test_target loaded, type: Series
[LocalFSArtifactStore] exists(model): True
[LocalFSArtifactStore] loading model from artifacts\ml_run_001\model.pkl
[LocalFSArtifactStore] model loaded, type: LogisticRegression
[LocalFSArtifactStore] exists(predictions): True
[LocalFSArtifactStore] loading predictions from artifacts\ml_run_001\predictions.pkl
[LocalFSArtifactStore] predictions loaded, type: ndarray
[LocalFSArtifactStore] exists(classification_metrics): True
[LocalFSArtifactStore] loading classification_metrics from artifacts\ml_run_001\classification_metrics.pkl
[LocalFSArtifactStore] classification_metrics loaded, type: str
[LocalFSArtifactStore] exists(confusion_matrix): True
[LocalFSArtifactStore] loading confusion_matrix from artifacts\ml_run_001\confusion_matrix.pkl
[LocalFSArtifactStore] confusion_matrix loaded, type: Figure

============================================================
=== Pipeline Results ===

[model_type]
ols
[do_preprocess] True
[iris] Bunch
[data] DataFrame
[preprocess_data] DataFrame
[investigate_data] PairGrid
[split_data] dict
[training_features] DataFrame
[training_target] Series
[test_features] DataFrame
[test_target] Series
[model] LogisticRegression
[predictions] ndarray

[classification_metrics]
              precision    recall  f1-score   support

           0       1.00      1.00      1.00         8
           1       1.00      0.92      0.96        13
           2       0.94      1.00      0.97        17

    accuracy                           0.97        38
   macro avg       0.98      0.97      0.98        38
weighted avg       0.98      0.97      0.97        38

[confusion_matrix] figure saved to confusion_matrix.png

[run_pipeline] log saved to: C:\Users\GuptaGanesh\Desktop\new\fn_graph\fn_graph\examples\solution\logs\machine_learning\ml_run_001\2026-04-10_02-22-05.log
